
X.Org X Server 1.7.4
Release Date: 2010-01-08
X Protocol Version 11, Revision 0
Build Operating System: Linux 2.6.26-2-amd64 i686 Debian
Current Operating System: Linux montag 2.6.33-rc4 #35 SMP PREEMPT Wed Jan 13 17:48:27 CET 2010 x86_64
Kernel command line: BOOT_IMAGE=/boot/vmlinuz-2.6.33-rc4 root=/dev/sda1 ro quiet
Build Date: 12 January 2010  11:54:45AM
xorg-server 2:1.7.4-1 (buildd@puccini.debian.org) 
Current version of pixman: 0.16.4
	Before reporting problems, check http://wiki.x.org
	to make sure that you have the latest version.
Markers: (--) probed, (**) from config file, (==) default setting,
	(++) from command line, (!!) notice, (II) informational,
	(WW) warning, (EE) error, (NI) not implemented, (??) unknown.
(==) Log file: "/var/log/Xorg.0.log", Time: Thu Jan 14 10:03:07 2010
(==) Using config file: "/etc/X11/xorg.conf"
(==) No Layout section.  Using the first Screen section.
(**) |-->Screen "Default Screen" (0)
(**) |   |-->Monitor "Configured Monitor"
(==) No device specified for screen "Default Screen".
	Using the first device section listed.
(**) |   |-->Device "Configured Video Device"
(==) Automatically adding devices
(==) Automatically enabling devices
(WW) The directory "/usr/share/fonts/X11/cyrillic" does not exist.
	Entry deleted from font path.
(WW) The directory "/usr/share/fonts/X11/75dpi/" does not exist.
	Entry deleted from font path.
(WW) The directory "/usr/share/fonts/X11/Type1" does not exist.
	Entry deleted from font path.
(WW) The directory "/usr/share/fonts/X11/75dpi" does not exist.
	Entry deleted from font path.
(==) FontPath set to:
	/usr/share/fonts/X11/misc,
	/usr/share/fonts/X11/100dpi/:unscaled,
	/usr/share/fonts/X11/100dpi,
	/var/lib/defoma/x-ttcidfont-conf.d/dirs/TrueType,
	built-ins
(==) ModulePath set to "/usr/lib/xorg/modules"
(II) Cannot locate a core pointer device.
(II) Cannot locate a core keyboard device.
(II) The server relies on udev to provide the list of input devices.
	If no devices become available, reconfigure udev or disable AutoAddDevices.
(II) Loader magic: 0x81e77a0
(II) Module ABI versions:
	X.Org ANSI C Emulation: 0.4
	X.Org Video Driver: 6.0
	X.Org XInput driver : 7.0
	X.Org Server Extension : 2.0
(++) using VT number 7

(--) PCI:*(0:0:2:0) 8086:2a42:144d:c045 Intel Corporation Mobile 4 Series Chipset Integrated Graphics Controller rev 7, Mem @ 0xf8000000/4194304, 0xd0000000/268435456, I/O @ 0x00001800/8
(--) PCI: (0:0:2:1) 8086:2a43:144d:c045 Intel Corporation Mobile 4 Series Chipset Integrated Graphics Controller rev 7, Mem @ 0xf8400000/1048576
(II) Open ACPI successful (/var/run/acpid.socket)
(II) LoadModule: "extmod"
(II) Loading /usr/lib/xorg/modules/extensions/libextmod.so
(II) Module extmod: vendor="X.Org Foundation"
	compiled for 1.7.4, module version = 1.0.0
	Module class: X.Org Server Extension
	ABI class: X.Org Server Extension, version 2.0
(II) Loading extension SELinux
(II) Loading extension MIT-SCREEN-SAVER
(II) Loading extension XFree86-VidModeExtension
(II) Loading extension XFree86-DGA
(II) Loading extension DPMS
(II) Loading extension XVideo
(II) Loading extension XVideo-MotionCompensation
(II) Loading extension X-Resource
(II) LoadModule: "dbe"
(II) Loading /usr/lib/xorg/modules/extensions/libdbe.so
(II) Module dbe: vendor="X.Org Foundation"
	compiled for 1.7.4, module version = 1.0.0
	Module class: X.Org Server Extension
	ABI class: X.Org Server Extension, version 2.0
(II) Loading extension DOUBLE-BUFFER
(II) LoadModule: "glx"
(II) Loading /usr/lib/xorg/modules/extensions/libglx.so
(II) Module glx: vendor="X.Org Foundation"
	compiled for 1.7.4, module version = 1.0.0
	ABI class: X.Org Server Extension, version 2.0
(==) AIGLX enabled
(II) Loading extension GLX
(II) LoadModule: "record"
(II) Loading /usr/lib/xorg/modules/extensions/librecord.so
(II) Module record: vendor="X.Org Foundation"
	compiled for 1.7.4, module version = 1.13.0
	Module class: X.Org Server Extension
	ABI class: X.Org Server Extension, version 2.0
(II) Loading extension RECORD
(II) LoadModule: "dri"
(II) Loading /usr/lib/xorg/modules/extensions/libdri.so
(II) Module dri: vendor="X.Org Foundation"
	compiled for 1.7.4, module version = 1.0.0
	ABI class: X.Org Server Extension, version 2.0
(II) Loading extension XFree86-DRI
(II) LoadModule: "dri2"
(II) Loading /usr/lib/xorg/modules/extensions/libdri2.so
(II) Module dri2: vendor="X.Org Foundation"
	compiled for 1.7.4, module version = 1.1.0
	ABI class: X.Org Server Extension, version 2.0
(II) Loading extension DRI2
(==) Matched intel for the autoconfigured driver
(==) Assigned the driver to the xf86ConfigLayout
(II) LoadModule: "intel"
(II) Loading /usr/lib/xorg/modules/drivers/intel_drv.so
(II) Module intel: vendor="X.Org Foundation"
	compiled for 1.7.4, module version = 2.10.0
	Module class: X.Org Video Driver
	ABI class: X.Org Video Driver, version 6.0
(II) intel: Driver for Intel Integrated Graphics Chipsets: i810,
	i810-dc100, i810e, i815, i830M, 845G, 852GM/855GM, 865G, 915G,
	E7221 (i915), 915GM, 945G, 945GM, 945GME, Pineview GM, Pineview G,
	965G, G35, 965Q, 946GZ, 965GM, 965GME/GLE, G33, Q35, Q33, GM45,
	4 Series, G45/G43, Q45/Q43, G41, B43, Clarkdale, Arrandale
(II) Primary Device is: PCI 00@00:02:0
drmOpenDevice: node name is /dev/dri/card0
drmOpenDevice: open result is 9, (OK)
drmOpenByBusid: Searching for BusID pci:0000:00:02.0
drmOpenDevice: node name is /dev/dri/card0
drmOpenDevice: open result is 9, (OK)
drmOpenByBusid: drmOpenMinor returns 9
drmOpenByBusid: drmGetBusid reports pci:0000:00:02.0
(II) intel(0): Creating default Display subsection in Screen section
	"Default Screen" for depth/fbbpp 24/32
(==) intel(0): Depth 24, (--) framebuffer bpp 32
(==) intel(0): RGB weight 888
(==) intel(0): Default visual is TrueColor
(II) intel(0): Integrated Graphics Chipset: Intel(R) GM45
(--) intel(0): Chipset: "GM45"
(==) intel(0): video overlay key set to 0x101fe
(II) intel(0): Output VGA1 using monitor section Configured Monitor
(II) intel(0): Output LVDS1 has no monitor section
(II) intel(0): found backlight control interface /sys/class/backlight/acpi_video0
(II) intel(0): Output HDMI1 has no monitor section
(II) intel(0): Output TV1 has no monitor section
(II) intel(0): EDID for output VGA1
(II) intel(0): EDID for output LVDS1
(II) intel(0): Manufacturer: SEC  Model: 4542  Serial#: 0
(II) intel(0): Year: 2008  Week: 0
(II) intel(0): EDID Version: 1.3
(II) intel(0): Digital Display Input
(II) intel(0): Max Image Size [cm]: horiz.: 30  vert.: 19
(II) intel(0): Gamma: 2.20
(II) intel(0): No DPMS capabilities specified
(II) intel(0): Supported color encodings: RGB 4:4:4 YCrCb 4:4:4 
(II) intel(0): First detailed timing is preferred mode
(II) intel(0): redX: 0.580 redY: 0.340   greenX: 0.310 greenY: 0.550
(II) intel(0): blueX: 0.155 blueY: 0.155   whiteX: 0.313 whiteY: 0.329
(II) intel(0): Manufacturer's mask: 0
(II) intel(0): Supported detailed timing:
(II) intel(0): clock: 68.9 MHz   Image Size:  303 x 190 mm
(II) intel(0): h_active: 1280  h_sync: 1292  h_sync_end 1356 h_blank_end 1408 h_border: 0
(II) intel(0): v_active: 800  v_sync: 803  v_sync_end 806 v_blanking: 816 v_border: 0
(II) intel(0): Unknown vendor-specific block f
(II) intel(0):  SAMSUNG
(II) intel(0):  LTN141AT07000
(II) intel(0): EDID (in hex):
(II) intel(0): 	00ffffffffffff004ca3424500000000
(II) intel(0): 	00120103801e13780a87f594574f8c27
(II) intel(0): 	27505400000001010101010101010101
(II) intel(0): 	010101010101ee1a0080502010300c40
(II) intel(0): 	33002fbe100000190000000f00000000
(II) intel(0): 	00000000002387026401000000fe0053
(II) intel(0): 	414d53554e470a2020202020000000fe
(II) intel(0): 	004c544e313431415430373030300042
(II) intel(0): Not using default mode "320x175" (doublescan mode not supported)
(II) intel(0): Not using default mode "320x200" (doublescan mode not supported)
(II) intel(0): Not using default mode "360x200" (doublescan mode not supported)
(II) intel(0): Not using default mode "320x240" (doublescan mode not supported)
(II) intel(0): Not using default mode "320x240" (doublescan mode not supported)
(II) intel(0): Not using default mode "320x240" (doublescan mode not supported)
(II) intel(0): Not using default mode "320x240" (doublescan mode not supported)
(II) intel(0): Not using default mode "400x300" (doublescan mode not supported)
(II) intel(0): Not using default mode "400x300" (doublescan mode not supported)
(II) intel(0): Not using default mode "400x300" (doublescan mode not supported)
(II) intel(0): Not using default mode "400x300" (doublescan mode not supported)
(II) intel(0): Not using default mode "400x300" (doublescan mode not supported)
(II) intel(0): Not using default mode "1024x768" (interlace mode not supported)
(II) intel(0): Not using default mode "512x384" (doublescan mode not supported)
(II) intel(0): Not using default mode "512x384" (doublescan mode not supported)
(II) intel(0): Not using default mode "512x384" (doublescan mode not supported)
(II) intel(0): Not using default mode "512x384" (doublescan mode not supported)
(II) intel(0): Not using default mode "512x384" (doublescan mode not supported)
(II) intel(0): Not using default mode "1152x864" (exceeds panel dimensions)
(II) intel(0): Not using default mode "576x432" (doublescan mode not supported)
(II) intel(0): Not using default mode "1280x960" (exceeds panel dimensions)
(II) intel(0): Not using default mode "640x480" (doublescan mode not supported)
(II) intel(0): Not using default mode "1280x960" (exceeds panel dimensions)
(II) intel(0): Not using default mode "640x480" (doublescan mode not supported)
(II) intel(0): Not using default mode "1280x1024" (exceeds panel dimensions)
(II) intel(0): Not using default mode "640x512" (doublescan mode not supported)
(II) intel(0): Not using default mode "1280x1024" (exceeds panel dimensions)
(II) intel(0): Not using default mode "640x512" (doublescan mode not supported)
(II) intel(0): Not using default mode "1280x1024" (exceeds panel dimensions)
(II) intel(0): Not using default mode "640x512" (doublescan mode not supported)
(II) intel(0): Not using default mode "1600x1200" (exceeds panel dimensions)
(II) intel(0): Not using default mode "800x600" (doublescan mode not supported)
(II) intel(0): Not using default mode "1600x1200" (exceeds panel dimensions)
(II) intel(0): Not using default mode "800x600" (doublescan mode not supported)
(II) intel(0): Not using default mode "1600x1200" (exceeds panel dimensions)
(II) intel(0): Not using default mode "800x600" (doublescan mode not supported)
(II) intel(0): Not using default mode "1600x1200" (exceeds panel dimensions)
(II) intel(0): Not using default mode "800x600" (doublescan mode not supported)
(II) intel(0): Not using default mode "1600x1200" (exceeds panel dimensions)
(II) intel(0): Not using default mode "800x600" (doublescan mode not supported)
(II) intel(0): Not using default mode "1792x1344" (exceeds panel dimensions)
(II) intel(0): Not using default mode "896x672" (doublescan mode not supported)
(II) intel(0): Not using default mode "1792x1344" (exceeds panel dimensions)
(II) intel(0): Not using default mode "896x672" (doublescan mode not supported)
(II) intel(0): Not using default mode "1856x1392" (exceeds panel dimensions)
(II) intel(0): Not using default mode "928x696" (doublescan mode not supported)
(II) intel(0): Not using default mode "1856x1392" (exceeds panel dimensions)
(II) intel(0): Not using default mode "928x696" (doublescan mode not supported)
(II) intel(0): Not using default mode "1920x1440" (exceeds panel dimensions)
(II) intel(0): Not using default mode "960x720" (doublescan mode not supported)
(II) intel(0): Not using default mode "1920x1440" (exceeds panel dimensions)
(II) intel(0): Not using default mode "960x720" (doublescan mode not supported)
(II) intel(0): Not using default mode "416x312" (doublescan mode not supported)
(II) intel(0): Not using default mode "1152x864" (exceeds panel dimensions)
(II) intel(0): Not using default mode "576x432" (doublescan mode not supported)
(II) intel(0): Not using default mode "1152x864" (exceeds panel dimensions)
(II) intel(0): Not using default mode "576x432" (doublescan mode not supported)
(II) intel(0): Not using default mode "1152x864" (exceeds panel dimensions)
(II) intel(0): Not using default mode "576x432" (doublescan mode not supported)
(II) intel(0): Not using default mode "1152x864" (exceeds panel dimensions)
(II) intel(0): Not using default mode "576x432" (doublescan mode not supported)
(II) intel(0): Not using default mode "1152x864" (exceeds panel dimensions)
(II) intel(0): Not using default mode "576x432" (doublescan mode not supported)
(II) intel(0): Not using default mode "1152x864" (exceeds panel dimensions)
(II) intel(0): Not using default mode "576x432" (doublescan mode not supported)
(II) intel(0): Not using default mode "1360x768" (monitor doesn't support reduced blanking)
(II) intel(0): Not using default mode "680x384" (doublescan mode not supported)
(II) intel(0): Not using default mode "1360x768" (exceeds panel dimensions)
(II) intel(0): Not using default mode "680x384" (doublescan mode not supported)
(II) intel(0): Not using default mode "1400x1050" (exceeds panel dimensions)
(II) intel(0): Not using default mode "700x525" (doublescan mode not supported)
(II) intel(0): Not using default mode "1400x1050" (exceeds panel dimensions)
(II) intel(0): Not using default mode "700x525" (doublescan mode not supported)
(II) intel(0): Not using default mode "1400x1050" (exceeds panel dimensions)
(II) intel(0): Not using default mode "700x525" (doublescan mode not supported)
(II) intel(0): Not using default mode "1400x1050" (exceeds panel dimensions)
(II) intel(0): Not using default mode "700x525" (doublescan mode not supported)
(II) intel(0): Not using default mode "1440x900" (exceeds panel dimensions)
(II) intel(0): Not using default mode "720x450" (doublescan mode not supported)
(II) intel(0): Not using default mode "1600x1024" (exceeds panel dimensions)
(II) intel(0): Not using default mode "800x512" (doublescan mode not supported)
(II) intel(0): Not using default mode "1680x1050" (monitor doesn't support reduced blanking)
(II) intel(0): Not using default mode "840x525" (doublescan mode not supported)
(II) intel(0): Not using default mode "1680x1050" (exceeds panel dimensions)
(II) intel(0): Not using default mode "840x525" (doublescan mode not supported)
(II) intel(0): Not using default mode "1680x1050" (exceeds panel dimensions)
(II) intel(0): Not using default mode "840x525" (doublescan mode not supported)
(II) intel(0): Not using default mode "1680x1050" (exceeds panel dimensions)
(II) intel(0): Not using default mode "840x525" (doublescan mode not supported)
(II) intel(0): Not using default mode "1680x1050" (exceeds panel dimensions)
(II) intel(0): Not using default mode "840x525" (doublescan mode not supported)
(II) intel(0): Not using default mode "1920x1080" (monitor doesn't support reduced blanking)
(II) intel(0): Not using default mode "960x540" (doublescan mode not supported)
(II) intel(0): Not using default mode "1920x1200" (monitor doesn't support reduced blanking)
(II) intel(0): Not using default mode "960x600" (doublescan mode not supported)
(II) intel(0): Not using default mode "1920x1440" (exceeds panel dimensions)
(II) intel(0): Not using default mode "960x720" (doublescan mode not supported)
(II) intel(0): Not using default mode "2048x1536" (exceeds panel dimensions)
(II) intel(0): Not using default mode "1024x768" (doublescan mode not supported)
(II) intel(0): Not using default mode "2048x1536" (exceeds panel dimensions)
(II) intel(0): Not using default mode "1024x768" (doublescan mode not supported)
(II) intel(0): Not using default mode "2048x1536" (exceeds panel dimensions)
(II) intel(0): Not using default mode "1024x768" (doublescan mode not supported)
(II) intel(0): Printing probed modes for output LVDS1
(II) intel(0): Modeline "1280x800"x60.0   68.94  1280 1292 1356 1408  800 803 806 816 -hsync -vsync (49.0 kHz)
(II) intel(0): Modeline "1024x768"x85.0   94.50  1024 1072 1168 1376  768 769 772 808 +hsync +vsync (68.7 kHz)
(II) intel(0): Modeline "1024x768"x75.0   78.75  1024 1040 1136 1312  768 769 772 800 +hsync +vsync (60.0 kHz)
(II) intel(0): Modeline "1024x768"x70.1   75.00  1024 1048 1184 1328  768 771 777 806 -hsync -vsync (56.5 kHz)
(II) intel(0): Modeline "1024x768"x60.0   65.00  1024 1048 1184 1344  768 771 777 806 -hsync -vsync (48.4 kHz)
(II) intel(0): Modeline "832x624"x74.6   57.28  832 864 928 1152  624 625 628 667 -hsync -vsync (49.7 kHz)
(II) intel(0): Modeline "800x600"x85.1   56.30  800 832 896 1048  600 601 604 631 +hsync +vsync (53.7 kHz)
(II) intel(0): Modeline "800x600"x72.2   50.00  800 856 976 1040  600 637 643 666 +hsync +vsync (48.1 kHz)
(II) intel(0): Modeline "800x600"x75.0   49.50  800 816 896 1056  600 601 604 625 +hsync +vsync (46.9 kHz)
(II) intel(0): Modeline "800x600"x60.3   40.00  800 840 968 1056  600 601 605 628 +hsync +vsync (37.9 kHz)
(II) intel(0): Modeline "800x600"x56.2   36.00  800 824 896 1024  600 601 603 625 +hsync +vsync (35.2 kHz)
(II) intel(0): Modeline "640x480"x85.0   36.00  640 696 752 832  480 481 484 509 -hsync -vsync (43.3 kHz)
(II) intel(0): Modeline "640x480"x72.8   31.50  640 664 704 832  480 489 492 520 -hsync -vsync (37.9 kHz)
(II) intel(0): Modeline "640x480"x75.0   31.50  640 656 720 840  480 481 484 500 -hsync -vsync (37.5 kHz)
(II) intel(0): Modeline "640x480"x59.9   25.18  640 656 752 800  480 490 492 525 -hsync -vsync (31.5 kHz)
(II) intel(0): Modeline "720x400"x85.0   35.50  720 756 828 936  400 401 404 446 -hsync +vsync (37.9 kHz)
(II) intel(0): Modeline "640x400"x85.1   31.50  640 672 736 832  400 401 404 445 -hsync +vsync (37.9 kHz)
(II) intel(0): Modeline "640x350"x85.1   31.50  640 672 736 832  350 382 385 445 +hsync -vsync (37.9 kHz)
(II) intel(0): EDID for output HDMI1
(II) intel(0): EDID for output TV1
(II) intel(0): Output VGA1 disconnected
(II) intel(0): Output LVDS1 connected
(II) intel(0): Output HDMI1 disconnected
(II) intel(0): Output TV1 disconnected
(II) intel(0): Using exact sizes for initial modes
(II) intel(0): Output LVDS1 using initial mode 1280x800
(II) intel(0): Using default gamma of (1.0, 1.0, 1.0) unless otherwise stated.
(==) intel(0): DPI set to (96, 96)
(II) Loading sub module "fb"
(II) LoadModule: "fb"
(II) Loading /usr/lib/xorg/modules/libfb.so
(II) Module fb: vendor="X.Org Foundation"
	compiled for 1.7.4, module version = 1.0.0
	ABI class: X.Org ANSI C Emulation, version 0.4
(==) Depth 24 pixmap format is 32 bpp
(II) intel(0): [DRI2] Setup complete
(**) intel(0): Tiling enabled
(**) intel(0): SwapBuffers wait enabled
(==) intel(0): VideoRam: 262144 KB
(II) intel(0): Attempting memory allocation with tiled buffers.
(II) intel(0): Tiled allocation successful.
(II) UXA(0): Driver registered support for the following operations:
(II)         solid
(II)         copy
(II)         composite (RENDER acceleration)
(II)         put_image
(==) intel(0): Backing store disabled
(==) intel(0): Silken mouse enabled
(II) intel(0): Initializing HW Cursor
(II) intel(0): No memory allocations
(II) intel(0): RandR 1.2 enabled, ignore the following RandR disabled message.
(==) intel(0): DPMS enabled
(II) intel(0): Set up textured video
(II) intel(0): direct rendering: DRI2 Enabled
(--) RandR disabled
(II) Initializing built-in extension Generic Event Extension
(II) Initializing built-in extension SHAPE
(II) Initializing built-in extension MIT-SHM
(II) Initializing built-in extension XInputExtension
(II) Initializing built-in extension XTEST
(II) Initializing built-in extension BIG-REQUESTS
(II) Initializing built-in extension SYNC
(II) Initializing built-in extension XKEYBOARD
(II) Initializing built-in extension XC-MISC
(II) Initializing built-in extension XINERAMA
(II) Initializing built-in extension XFIXES
(II) Initializing built-in extension RENDER
(II) Initializing built-in extension RANDR
(II) Initializing built-in extension COMPOSITE
(II) Initializing built-in extension DAMAGE
SELinux: Disabled on system, not enabling in X server
record: RECORD extension enabled at configure time.
record: This extension is known to be broken, disabling extension now..
record: http://bugs.freedesktop.org/show_bug.cgi?id=20500
(II) AIGLX: enabled GLX_MESA_copy_sub_buffer
(II) AIGLX: enabled GLX_SGI_make_current_read
(II) AIGLX: enabled GLX_SGI_swap_control and GLX_MESA_swap_control
(II) AIGLX: GLX_EXT_texture_from_pixmap backed by buffer objects
(II) AIGLX: Loaded and initialized /usr/lib/dri/i965_dri.so
(II) GLX: Initialized DRI2 GL provider for screen 0
(II) intel(0): Setting screen physical size to 338 x 211
(II) config/udev: Adding input device "Power Button" (/dev/input/event4)
(II) LoadModule: "evdev"
(II) Loading /usr/lib/xorg/modules/input/evdev_drv.so
(II) Module evdev: vendor="X.Org Foundation"
	compiled for 1.7.3.902, module version = 2.3.2
	Module class: X.Org XInput Driver
	ABI class: X.Org XInput driver, version 7.0
(**) "Power Button": always reports core events
(**) "Power Button": Device: "/dev/input/event4"
(II) "Power Button": Found keys
(II) "Power Button": Configuring as keyboard
(II) XINPUT: Adding extended input device ""Power Button"" (type: KEYBOARD)
(**) Option "xkb_rules" "evdev"
(**) Option "xkb_model" "pc105"
(**) Option "xkb_layout" "it"
(**) Option "xkb_options" "lv3:ralt_switch"
(II) config/udev: Adding input device "Video Bus" (/dev/input/event10)
(**) "Video Bus": always reports core events
(**) "Video Bus": Device: "/dev/input/event10"
(II) "Video Bus": Found keys
(II) "Video Bus": Configuring as keyboard
(II) XINPUT: Adding extended input device ""Video Bus"" (type: KEYBOARD)
(**) Option "xkb_rules" "evdev"
(**) Option "xkb_model" "pc105"
(**) Option "xkb_layout" "it"
(**) Option "xkb_options" "lv3:ralt_switch"
(II) config/udev: Adding input device "Power Button" (/dev/input/event2)
(**) "Power Button": always reports core events
(**) "Power Button": Device: "/dev/input/event2"
(II) "Power Button": Found keys
(II) "Power Button": Configuring as keyboard
(II) XINPUT: Adding extended input device ""Power Button"" (type: KEYBOARD)
(**) Option "xkb_rules" "evdev"
(**) Option "xkb_model" "pc105"
(**) Option "xkb_layout" "it"
(**) Option "xkb_options" "lv3:ralt_switch"
(II) config/udev: Adding input device "Sleep Button" (/dev/input/event3)
(**) "Sleep Button": always reports core events
(**) "Sleep Button": Device: "/dev/input/event3"
(II) "Sleep Button": Found keys
(II) "Sleep Button": Configuring as keyboard
(II) XINPUT: Adding extended input device ""Sleep Button"" (type: KEYBOARD)
(**) Option "xkb_rules" "evdev"
(**) Option "xkb_model" "pc105"
(**) Option "xkb_layout" "it"
(**) Option "xkb_options" "lv3:ralt_switch"
(II) config/udev: Adding input device "Logitech USB Laser Mouse" (/dev/input/event8)
(**) "Logitech USB Laser Mouse": always reports core events
(**) "Logitech USB Laser Mouse": Device: "/dev/input/event8"
(II) "Logitech USB Laser Mouse": Found 3 mouse buttons
(II) "Logitech USB Laser Mouse": Found scroll wheel(s)
(II) "Logitech USB Laser Mouse": Found relative axes
(II) "Logitech USB Laser Mouse": Found x and y relative axes
(II) "Logitech USB Laser Mouse": Configuring as mouse
(**) "Logitech USB Laser Mouse": YAxisMapping: buttons 4 and 5
(**) "Logitech USB Laser Mouse": EmulateWheelButton: 4, EmulateWheelInertia: 10, EmulateWheelTimeout: 200
(II) XINPUT: Adding extended input device ""Logitech USB Laser Mouse"" (type: MOUSE)
(**) "Logitech USB Laser Mouse": (accel) keeping acceleration scheme 1
(**) "Logitech USB Laser Mouse": (accel) acceleration profile 0
(II) "Logitech USB Laser Mouse": initialized for relative axes.
(II) config/udev: Adding input device "Logitech USB Laser Mouse" (/dev/input/mouse1)
(**) "Logitech USB Laser Mouse": always reports core events
(**) "Logitech USB Laser Mouse": Device: "/dev/input/mouse1"
(EE) ioctl EVIOCGNAME failed: Inappropriate ioctl for device
(II) UnloadModule: "evdev"
(EE) PreInit returned NULL for ""Logitech USB Laser Mouse""
(II) config/udev: Adding input device "AT Translated Set 2 keyboard" (/dev/input/event0)
(**) "AT Translated Set 2 keyboard": always reports core events
(**) "AT Translated Set 2 keyboard": Device: "/dev/input/event0"
(II) "AT Translated Set 2 keyboard": Found keys
(II) "AT Translated Set 2 keyboard": Configuring as keyboard
(II) XINPUT: Adding extended input device ""AT Translated Set 2 keyboard"" (type: KEYBOARD)
(**) Option "xkb_rules" "evdev"
(**) Option "xkb_model" "pc105"
(**) Option "xkb_layout" "it"
(**) Option "xkb_options" "lv3:ralt_switch"
(II) config/udev: Adding input device "SynPS/2 Synaptics TouchPad" (/dev/input/event6)
(**) "SynPS/2 Synaptics TouchPad": always reports core events
(**) "SynPS/2 Synaptics TouchPad": Device: "/dev/input/event6"
(II) "SynPS/2 Synaptics TouchPad": Found 3 mouse buttons
(II) "SynPS/2 Synaptics TouchPad": Found absolute axes
(II) "SynPS/2 Synaptics TouchPad": Found x and y absolute axes
(II) "SynPS/2 Synaptics TouchPad": Found absolute touchpad.
(II) "SynPS/2 Synaptics TouchPad": Configuring as touchpad
(**) "SynPS/2 Synaptics TouchPad": YAxisMapping: buttons 4 and 5
(**) "SynPS/2 Synaptics TouchPad": EmulateWheelButton: 4, EmulateWheelInertia: 10, EmulateWheelTimeout: 200
(II) XINPUT: Adding extended input device ""SynPS/2 Synaptics TouchPad"" (type: TOUCHPAD)
(**) "SynPS/2 Synaptics TouchPad": (accel) keeping acceleration scheme 1
(**) "SynPS/2 Synaptics TouchPad": (accel) acceleration profile 0
(II) "SynPS/2 Synaptics TouchPad": initialized for absolute axes.
(II) config/udev: Adding input device "SynPS/2 Synaptics TouchPad" (/dev/input/mouse0)
(**) "SynPS/2 Synaptics TouchPad": always reports core events
(**) "SynPS/2 Synaptics TouchPad": Device: "/dev/input/mouse0"
(EE) ioctl EVIOCGNAME failed: Inappropriate ioctl for device
(II) UnloadModule: "evdev"
(EE) PreInit returned NULL for ""SynPS/2 Synaptics TouchPad""
(II) config/udev: Adding input device "ACPI Virtual Keyboard Device" (/dev/input/event9)
(**) "ACPI Virtual Keyboard Device": always reports core events
(**) "ACPI Virtual Keyboard Device": Device: "/dev/input/event9"
(II) "ACPI Virtual Keyboard Device": Found keys
(II) "ACPI Virtual Keyboard Device": Configuring as keyboard
(II) XINPUT: Adding extended input device ""ACPI Virtual Keyboard Device"" (type: KEYBOARD)
(**) Option "xkb_rules" "evdev"
(**) Option "xkb_model" "pc105"
(**) Option "xkb_layout" "it"
(**) Option "xkb_options" "lv3:ralt_switch"
(II) intel(0): EDID vendor "SEC", prod id 17730
(II) intel(0): Printing DDC gathered Modelines:
(II) intel(0): Modeline "1280x800"x0.0   68.94  1280 1292 1356 1408  800 803 806 816 -hsync -vsync (49.0 kHz)
(II) PM Event received: Capability Changed
I830PMEvent: Capability change
(II) intel(0): Allocate new frame buffer 320x200 stride 384
(II) AIGLX: Suspending AIGLX clients for VT switch
(II) Open ACPI successful (/var/run/acpid.socket)
(II) AIGLX: Resuming AIGLX clients after VT switch
(II) intel(0): No memory allocations
(II) intel(0): EDID vendor "SEC", prod id 17730
(II) intel(0): Printing DDC gathered Modelines:
(II) intel(0): Modeline "1280x800"x0.0   68.94  1280 1292 1356 1408  800 803 806 816 -hsync -vsync (49.0 kHz)
(II) "Power Button": Device reopened after 1 attempts.
(II) "Video Bus": Device reopened after 1 attempts.
(II) "Power Button": Device reopened after 1 attempts.
(II) "Sleep Button": Device reopened after 1 attempts.
(II) "Logitech USB Laser Mouse": Device reopened after 1 attempts.
(II) "AT Translated Set 2 keyboard": Device reopened after 1 attempts.
(II) "SynPS/2 Synaptics TouchPad": Device reopened after 1 attempts.
(II) "ACPI Virtual Keyboard Device": Device reopened after 1 attempts.
(II) AIGLX: Suspending AIGLX clients for VT switch
(II) config/udev: removing device "AT Translated Set 2 keyboard"
(II) "AT Translated Set 2 keyboard": Close
(II) UnloadModule: "evdev"
(II) config/udev: removing device "SynPS/2 Synaptics TouchPad"
(II) "SynPS/2 Synaptics TouchPad": Close
(II) UnloadModule: "evdev"
(II) Open ACPI successful (/var/run/acpid.socket)
(II) AIGLX: Resuming AIGLX clients after VT switch
(II) intel(0): No memory allocations
(II) intel(0): EDID vendor "SEC", prod id 17730
(II) intel(0): Printing DDC gathered Modelines:
(II) intel(0): Modeline "1280x800"x0.0   68.94  1280 1292 1356 1408  800 803 806 816 -hsync -vsync (49.0 kHz)
(II) "Power Button": Device reopened after 1 attempts.
(II) "Video Bus": Device reopened after 1 attempts.
(II) "Power Button": Device reopened after 1 attempts.
(II) "Sleep Button": Device reopened after 1 attempts.
(II) "Logitech USB Laser Mouse": Device reopened after 1 attempts.
(II) "ACPI Virtual Keyboard Device": Device reopened after 1 attempts.
(II) "Power Button": Close
(II) UnloadModule: "evdev"
(II) "Video Bus": Close
(II) UnloadModule: "evdev"
(II) "Power Button": Close
(II) UnloadModule: "evdev"
(II) "Sleep Button": Close
(II) UnloadModule: "evdev"
(II) "Logitech USB Laser Mouse": Close
(II) UnloadModule: "evdev"
(II) "ACPI Virtual Keyboard Device": Close
(II) UnloadModule: "evdev"
